<?xml version="1.0" encoding="UTF-8"?>
<!-- Generated by org.testng.reporters.JUnitReportReporter -->
<testsuite hostname="Manoj-Surface" failures="0" tests="1" name="IgniteTest.RegUIScript" time="4.309" errors="0" timestamp="2022-11-09T18:29:39 GMT" skipped="0">
  <testcase classname="IgniteTest.RegUIScript" name="ValidateCompleteForm" time="4.309"/>
  <system-out/>
</testsuite> <!-- IgniteTest.RegUIScript -->
